<?xml version="1.0" encoding="UTF-8"?>
<!-- Generated by org.testng.reporters.JUnitReportReporter -->
<testsuite hostname="10503-L-79513" failures="0" tests="1" name="com.basics.Optional" time="0.010" errors="0" timestamp="2022-05-11T22:29:26 IST" skipped="0">
  <testcase classname="com.basics.Optional" name="details" time="0.010"/>
  <system-out/>
</testsuite> <!-- com.basics.Optional -->
