<?xml version="1.0" encoding="UTF-8"?>
<!-- Generated by org.testng.reporters.JUnitReportReporter -->
<testsuite hostname="10503-L-79513" failures="0" tests="2" name="com.basics.Test" time="0.012" errors="0" timestamp="2022-05-11T08:56:17 IST" skipped="0">
  <testcase classname="com.basics.Test" name="mom" time="0.001"/>
  <system-out/>
  <testcase classname="com.basics.Test" name="dad" time="0.011"/>
  <system-out/>
</testsuite> <!-- com.basics.Test -->
