<?xml version="1.0" encoding="UTF-8"?>
<!-- Generated by org.testng.reporters.JUnitReportReporter -->
<testsuite hostname="10503-L-79513" failures="0" tests="3" name="com.basics.DataProviderEx" time="45.002" errors="0" timestamp="2022-05-11T08:30:33 IST" skipped="0">
  <testcase classname="com.basics.DataProviderEx" name="login" time="13.719"/>
  <system-out/>
  <testcase classname="com.basics.DataProviderEx" name="login" time="15.271"/>
  <system-out/>
  <testcase classname="com.basics.DataProviderEx" name="login" time="16.012"/>
  <system-out/>
</testsuite> <!-- com.basics.DataProviderEx -->
