<?xml version="1.0" encoding="UTF-8"?>
<!-- Generated by org.testng.reporters.JUnitReportReporter -->
<testsuite hostname="10503-L-79513" failures="0" tests="1" name="com.testng.TestAnnotation" time="0.007" errors="0" timestamp="2022-05-09T10:58:48 IST" skipped="0">
  <testcase classname="com.testng.TestAnnotation" name="cat" time="0.007"/>
  <system-out/>
</testsuite> <!-- com.testng.TestAnnotation -->
