<?xml version="1.0" encoding="UTF-8"?>
<!-- Generated by org.testng.reporters.JUnitReportReporter -->
<testsuite hostname="10503-L-79513" failures="0" tests="1" name="com.excel.DataProviderExcel" time="0.683" errors="0" timestamp="2022-05-13T08:40:59 IST" skipped="0">
  <testcase classname="com.excel.DataProviderExcel" name="data" time="0.683"/>
  <system-out/>
</testsuite> <!-- com.excel.DataProviderExcel -->
