<?xml version="1.0" encoding="UTF-8"?>
<!-- Generated by org.testng.reporters.JUnitReportReporter -->
<testsuite hostname="10503-L-79513" failures="0" tests="6" name="com.excel.DataProviderExcelTask" time="0.019" errors="0" timestamp="2022-05-13T21:53:56 IST" skipped="0">
  <testcase classname="com.excel.DataProviderExcelTask" name="TC_001" time="0.001"/>
  <system-out/>
  <testcase classname="com.excel.DataProviderExcelTask" name="TC_001" time="0.001"/>
  <system-out/>
  <testcase classname="com.excel.DataProviderExcelTask" name="TC_001" time="0.001"/>
  <system-out/>
  <testcase classname="com.excel.DataProviderExcelTask" name="TC_001" time="0.003"/>
  <system-out/>
  <testcase classname="com.excel.DataProviderExcelTask" name="TC_001" time="0.012"/>
  <system-out/>
  <testcase classname="com.excel.DataProviderExcelTask" name="TC_001" time="0.001"/>
  <system-out/>
</testsuite> <!-- com.excel.DataProviderExcelTask -->
