<?xml version="1.0" encoding="UTF-8"?>
<!-- Generated by org.testng.reporters.JUnitReportReporter -->
<testsuite hostname="10503-L-79513" failures="0" tests="1" name="com.basics.Example" time="0.007" errors="0" timestamp="2022-05-15T22:50:59 IST" skipped="0">
  <testcase classname="com.basics.Example" name="numberSplit" time="0.007"/>
  <system-out/>
</testsuite> <!-- com.basics.Example -->
