<?xml version="1.0" encoding="UTF-8"?>
<!-- Generated by org.testng.reporters.JUnitReportReporter -->
<testsuite hostname="10503-L-79513" failures="0" tests="4" name="com.basics.DataProvider" time="44.485" errors="0" timestamp="2022-05-11T08:43:33 IST" skipped="0">
  <testcase classname="com.basics.DataProvider" name="login" time="10.454"/>
  <system-out/>
  <testcase classname="com.basics.DataProvider" name="login" time="11.866"/>
  <system-out/>
  <testcase classname="com.basics.DataProvider" name="login" time="10.932"/>
  <system-out/>
  <testcase classname="com.basics.DataProvider" name="login" time="11.233"/>
  <system-out/>
</testsuite> <!-- com.basics.DataProvider -->
