<?xml version="1.0" encoding="UTF-8"?>
<!-- Generated by org.testng.reporters.JUnitReportReporter -->
<testsuite hostname="10503-L-79513" failures="0" tests="2" name="com.basics.SampleMethod" time="0.010" errors="0" timestamp="2022-05-11T21:28:51 IST" skipped="0">
  <testcase classname="com.basics.SampleMethod" name="login" time="0.009"/>
  <system-out/>
  <testcase classname="com.basics.SampleMethod" name="logout" time="0.001"/>
  <system-out/>
</testsuite> <!-- com.basics.SampleMethod -->
