<?xml version="1.0" encoding="UTF-8"?>
<!-- Generated by org.testng.reporters.JUnitReportReporter -->
<testsuite hostname="10503-L-79513" failures="0" tests="2" name="com.basics.DataProviderBasics" time="0.012" errors="0" timestamp="2022-05-11T21:42:10 IST" skipped="0">
  <testcase classname="com.basics.DataProviderBasics" name="method" time="0.011"/>
  <system-out/>
  <testcase classname="com.basics.DataProviderBasics" name="method" time="0.001"/>
  <system-out/>
</testsuite> <!-- com.basics.DataProviderBasics -->
